0 info it worked if it ends with ok
1 verbose cli [ '/Users/sghiassy/.nvm/versions/node/v5.10.1/bin/node',
1 verbose cli   '/Users/sghiassy/.nvm/versions/node/v5.10.1/bin/npm',
1 verbose cli   'run',
1 verbose cli   'pod_publish' ]
2 info using npm@3.8.8
3 info using node@v5.10.1
4 verbose run-script [ 'prepod_publish', 'pod_publish', 'postpod_publish' ]
5 info lifecycle thread-safe-block-queue@0.2.0~prepod_publish: thread-safe-block-queue@0.2.0
6 silly lifecycle thread-safe-block-queue@0.2.0~prepod_publish: no script for prepod_publish, continuing
7 info lifecycle thread-safe-block-queue@0.2.0~pod_publish: thread-safe-block-queue@0.2.0
8 verbose lifecycle thread-safe-block-queue@0.2.0~pod_publish: unsafe-perm in lifecycle true
9 verbose lifecycle thread-safe-block-queue@0.2.0~pod_publish: PATH: /Users/sghiassy/.nvm/versions/node/v5.10.1/lib/node_modules/npm/bin/node-gyp-bin:/Users/sghiassy/Dev/thread-safe-block-queue/node_modules/.bin:/Users/sghiassy/.nvm/versions/node/v5.10.1/bin:/Users/sghiassy/.rvm/gems/ruby-2.2.4/bin:/Users/sghiassy/.rvm/gems/ruby-2.2.4@global/bin:/Users/sghiassy/.rvm/rubies/ruby-2.2.4/bin:/Users/sghiassy/.nvm/versions/node/v5.10.1/bin:/usr/local/heroku/bin::/Users/sghiassy/Bin:/usr/local/bin:/usr/bin:/bin:/usr/sbin:/sbin:/Users/sghiassy/Library/Android/sdk//tools:/Users/sghiassy/Library/Android/sdk//platform-tools:/Users/sghiassy/Library/Android/android-ndk-r11c/:/Users/sghiassy/.rvm/bin
10 verbose lifecycle thread-safe-block-queue@0.2.0~pod_publish: CWD: /Users/sghiassy/Dev/thread-safe-block-queue
11 silly lifecycle thread-safe-block-queue@0.2.0~pod_publish: Args: [ '-c', 'pod trunk push thread-safe-block-queue.podspec' ]
12 silly lifecycle thread-safe-block-queue@0.2.0~pod_publish: Returned: code: 1  signal: null
13 info lifecycle thread-safe-block-queue@0.2.0~pod_publish: Failed to exec pod_publish script
14 verbose stack Error: thread-safe-block-queue@0.2.0 pod_publish: `pod trunk push thread-safe-block-queue.podspec`
14 verbose stack Exit status 1
14 verbose stack     at EventEmitter.<anonymous> (/Users/sghiassy/.nvm/versions/node/v5.10.1/lib/node_modules/npm/lib/utils/lifecycle.js:244:16)
14 verbose stack     at emitTwo (events.js:100:13)
14 verbose stack     at EventEmitter.emit (events.js:185:7)
14 verbose stack     at ChildProcess.<anonymous> (/Users/sghiassy/.nvm/versions/node/v5.10.1/lib/node_modules/npm/lib/utils/spawn.js:24:14)
14 verbose stack     at emitTwo (events.js:100:13)
14 verbose stack     at ChildProcess.emit (events.js:185:7)
14 verbose stack     at maybeClose (internal/child_process.js:850:16)
14 verbose stack     at Process.ChildProcess._handle.onexit (internal/child_process.js:215:5)
15 verbose pkgid thread-safe-block-queue@0.2.0
16 verbose cwd /Users/sghiassy/Dev/thread-safe-block-queue
17 error Darwin 15.5.0
18 error argv "/Users/sghiassy/.nvm/versions/node/v5.10.1/bin/node" "/Users/sghiassy/.nvm/versions/node/v5.10.1/bin/npm" "run" "pod_publish"
19 error node v5.10.1
20 error npm  v3.8.8
21 error code ELIFECYCLE
22 error thread-safe-block-queue@0.2.0 pod_publish: `pod trunk push thread-safe-block-queue.podspec`
22 error Exit status 1
23 error Failed at the thread-safe-block-queue@0.2.0 pod_publish script 'pod trunk push thread-safe-block-queue.podspec'.
23 error Make sure you have the latest version of node.js and npm installed.
23 error If you do, this is most likely a problem with the thread-safe-block-queue package,
23 error not with npm itself.
23 error Tell the author that this fails on your system:
23 error     pod trunk push thread-safe-block-queue.podspec
23 error You can get information on how to open an issue for this project with:
23 error     npm bugs thread-safe-block-queue
23 error Or if that isn't available, you can get their info via:
23 error     npm owner ls thread-safe-block-queue
23 error There is likely additional logging output above.
24 verbose exit [ 1, true ]
